[0m[[0m[0mdebug[0m] [0m[0m> Exec(compile, Some(74f286a1-224f-4b87-a8a3-223852102a39), Some(CommandSource(console0)))[0m
[0m[[0m[0mdebug[0m] [0m[0mEvaluating tasks: Compile / compile[0m
[0m[[0m[0mdebug[0m] [0m[0mRunning task... Cancel: Signal, check cycles: false, forcegc: true[0m
[0m[[0m[0minfo[0m] [0m[0mcompiling 2 Scala sources to /Users/akravc/Desktop/persimmon/target/scala-3.2.2/classes ...[0m
[0m[[0m[31merror[0m] [0m[0m[31m[31m-- [E006] Not Found Error: /Users/akravc/Desktop/persimmon/src/parser.scala:138:35 [0m[0m[0m
[0m[[0m[31merror[0m] [0m[0m[31m138 |[0m  [33mlazy[0m [33mval[0m [36mpExpBool[0m: [35mPackratParser[0m[[35mBConst[0m] = kwTrue ^^^ BExp([31mtrue[0m) | kwFalse ^^^ BExp([31mfalse[0m)[0m
[0m[[0m[31merror[0m] [0m[0m[31m[31m    |[0m                                   ^^^^^^[0m[0m
[0m[[0m[31merror[0m] [0m[0m[31m    |[0m                                   Not found: type BConst[0m
[0m[[0m[31merror[0m] [0m[0m[31m    |[0m[0m
[0m[[0m[31merror[0m] [0m[0m[31m    |[0m longer explanation available when compiling with `-explain`[0m
[0m[[0m[31merror[0m] [0m[0m[31m[31m-- [E006] Not Found Error: /Users/akravc/Desktop/persimmon/src/parser.scala:139:34 [0m[0m[0m
[0m[[0m[31merror[0m] [0m[0m[31m139 |[0m  [33mlazy[0m [33mval[0m [36mpExpNat[0m: [35mPackratParser[0m[[35mNConst[0m] = [31m"""(0|[1-9]\d*)"""[0m.r ^^ { [36mn[0m => NExp(n.toInt) }[0m
[0m[[0m[31merror[0m] [0m[0m[31m[31m    |[0m                                  ^^^^^^[0m[0m
[0m[[0m[31merror[0m] [0m[0m[31m    |[0m                                  Not found: type NConst[0m
[0m[[0m[31merror[0m] [0m[0m[31m    |[0m[0m
[0m[[0m[31merror[0m] [0m[0m[31m    |[0m longer explanation available when compiling with `-explain`[0m
[0m[[0m[31merror[0m] [0m[0m[31m[31m-- [E007] Type Mismatch Error: /Users/akravc/Desktop/persimmon/src/parser.scala:173:65 [0m[0m[0m
[0m[[0m[31merror[0m] [0m[0m[31m173 |[0m    kwMatch ~> pExp ~ (kwWith ~> pExp) ^^ { [33mcase[0m e~g => Match(e, g) }[0m
[0m[[0m[31merror[0m] [0m[0m[31m[31m    |[0m                                                                 ^[0m[0m
[0m[[0m[31merror[0m] [0m[0m[31m    |[0m                            Found:    [1m[31m([0m[1m[31mg[0m[1m[31m [0m[1m[31m:[0m[1m[31m [0mPersimmonSyntax.[1m[31mExpression[0m[1m[31m)[0m[0m
[0m[[0m[31merror[0m] [0m[0m[31m    |[0m                            Required: PersimmonSyntax.[1m[32mFamCases[0m[0m
[0m[[0m[31merror[0m] [0m[0m[31m    |[0m[0m
[0m[[0m[31merror[0m] [0m[0m[31m    |[0m longer explanation available when compiling with `-explain`[0m
[0m[[0m[31merror[0m] [0m[0m[31m[31m-- [E006] Not Found Error: /Users/akravc/Desktop/persimmon/src/parser.scala:182:52 [0m[0m[0m
[0m[[0m[31merror[0m] [0m[0m[31m182 |[0m    pCondAnd ~ ([31m"&&"[0m ~> pCondOr) ^^ { [33mcase[0m e1~e2 => BBinExp(e1, BAnd, e2) }[0m
[0m[[0m[31merror[0m] [0m[0m[31m[31m    |[0m                                                    ^^^^^^^[0m[0m
[0m[[0m[31merror[0m] [0m[0m[31m    |[0m                                                    Not found: BBinExp[0m
[0m[[0m[31merror[0m] [0m[0m[31m    |[0m[0m
[0m[[0m[31merror[0m] [0m[0m[31m    |[0m longer explanation available when compiling with `-explain`[0m
[0m[[0m[31merror[0m] [0m[0m[31m[31m-- [E006] Not Found Error: /Users/akravc/Desktop/persimmon/src/parser.scala:182:64 [0m[0m[0m
[0m[[0m[31merror[0m] [0m[0m[31m182 |[0m    pCondAnd ~ ([31m"&&"[0m ~> pCondOr) ^^ { [33mcase[0m e1~e2 => BBinExp(e1, BAnd, e2) }[0m
[0m[[0m[31merror[0m] [0m[0m[31m[31m    |[0m                                                                ^^^^[0m[0m
[0m[[0m[31merror[0m] [0m[0m[31m    |[0m                                                       Not found: BAnd[0m
[0m[[0m[31merror[0m] [0m[0m[31m    |[0m[0m
[0m[[0m[31merror[0m] [0m[0m[31m    |[0m longer explanation available when compiling with `-explain`[0m
[0m[[0m[31merror[0m] [0m[0m[31m[31m-- [E006] Not Found Error: /Users/akravc/Desktop/persimmon/src/parser.scala:185:53 [0m[0m[0m
[0m[[0m[31merror[0m] [0m[0m[31m185 |[0m    pCondOr ~ ([31m"||"[0m ~> pEquality) ^^ { [33mcase[0m e1~e2 => BBinExp(e1, BOr, e2) }[0m
[0m[[0m[31merror[0m] [0m[0m[31m[31m    |[0m                                                     ^^^^^^^[0m[0m
[0m[[0m[31merror[0m] [0m[0m[31m    |[0m                                                    Not found: BBinExp[0m
[0m[[0m[31merror[0m] [0m[0m[31m    |[0m[0m
[0m[[0m[31merror[0m] [0m[0m[31m    |[0m longer explanation available when compiling with `-explain`[0m
[0m[[0m[31merror[0m] [0m[0m[31m[31m-- [E006] Not Found Error: /Users/akravc/Desktop/persimmon/src/parser.scala:185:65 [0m[0m[0m
[0m[[0m[31merror[0m] [0m[0m[31m185 |[0m    pCondOr ~ ([31m"||"[0m ~> pEquality) ^^ { [33mcase[0m e1~e2 => BBinExp(e1, BOr, e2) }[0m
[0m[[0m[31merror[0m] [0m[0m[31m[31m    |[0m                                                                 ^^^[0m[0m
[0m[[0m[31merror[0m] [0m[0m[31m    |[0m                                                        Not found: BOr[0m
[0m[[0m[31merror[0m] [0m[0m[31m    |[0m[0m
[0m[[0m[31merror[0m] [0m[0m[31m    |[0m longer explanation available when compiling with `-explain`[0m
[0m[[0m[31merror[0m] [0m[0m[31m[31m-- [E006] Not Found Error: /Users/akravc/Desktop/persimmon/src/parser.scala:188:57 [0m[0m[0m
[0m[[0m[31merror[0m] [0m[0m[31m188 |[0m    pEquality ~ ([31m"=="[0m ~> pComparison) ^^ { [33mcase[0m e1~e2 => BBinExp(e1, BEq, e2) }[0m
[0m[[0m[31merror[0m] [0m[0m[31m[31m    |[0m                                                         ^^^^^^^[0m[0m
[0m[[0m[31merror[0m] [0m[0m[31m    |[0m                                                    Not found: BBinExp[0m
[0m[[0m[31merror[0m] [0m[0m[31m    |[0m[0m
[0m[[0m[31merror[0m] [0m[0m[31m    |[0m longer explanation available when compiling with `-explain`[0m
[0m[[0m[31merror[0m] [0m[0m[31m[31m-- [E006] Not Found Error: /Users/akravc/Desktop/persimmon/src/parser.scala:188:69 [0m[0m[0m
[0m[[0m[31merror[0m] [0m[0m[31m188 |[0m    pEquality ~ ([31m"=="[0m ~> pComparison) ^^ { [33mcase[0m e1~e2 => BBinExp(e1, BEq, e2) }[0m
[0m[[0m[31merror[0m] [0m[0m[31m[31m    |[0m                                                                     ^^^[0m[0m
[0m[[0m[31merror[0m] [0m[0m[31m    |[0m                                                        Not found: BEq[0m
[0m[[0m[31merror[0m] [0m[0m[31m    |[0m[0m
[0m[[0m[31merror[0m] [0m[0m[31m    |[0m longer explanation available when compiling with `-explain`[0m
[0m[[0m[31merror[0m] [0m[0m[31m[31m-- [E006] Not Found Error: /Users/akravc/Desktop/persimmon/src/parser.scala:189:59 [0m[0m[0m
[0m[[0m[31merror[0m] [0m[0m[31m189 |[0m    | pEquality ~ ([31m"!="[0m ~> pComparison) ^^ { [33mcase[0m e1~e2 => BBinExp(e1, BNeq, e2) }[0m
[0m[[0m[31merror[0m] [0m[0m[31m[31m    |[0m                                                           ^^^^^^^[0m[0m
[0m[[0m[31merror[0m] [0m[0m[31m    |[0m                                                    Not found: BBinExp[0m
[0m[[0m[31merror[0m] [0m[0m[31m    |[0m[0m
[0m[[0m[31merror[0m] [0m[0m[31m    |[0m longer explanation available when compiling with `-explain`[0m
[0m[[0m[31merror[0m] [0m[0m[31m[31m-- [E006] Not Found Error: /Users/akravc/Desktop/persimmon/src/parser.scala:189:71 [0m[0m[0m
[0m[[0m[31merror[0m] [0m[0m[31m189 |[0m    | pEquality ~ ([31m"!="[0m ~> pComparison) ^^ { [33mcase[0m e1~e2 => BBinExp(e1, BNeq, e2) }[0m
[0m[[0m[31merror[0m] [0m[0m[31m[31m    |[0m                                                                       ^^^^[0m[0m
[0m[[0m[31merror[0m] [0m[0m[31m    |[0m                                                       Not found: BNeq[0m
[0m[[0m[31merror[0m] [0m[0m[31m    |[0m[0m
[0m[[0m[31merror[0m] [0m[0m[31m    |[0m longer explanation available when compiling with `-explain`[0m
[0m[[0m[31merror[0m] [0m[0m[31m[31m-- [E006] Not Found Error: /Users/akravc/Desktop/persimmon/src/parser.scala:192:52 [0m[0m[0m
[0m[[0m[31merror[0m] [0m[0m[31m192 |[0m    pComparison ~ ([31m"<"[0m ~> pTerm) ^^ { [33mcase[0m e1~e2 => BBinExp(e1, BLt, e2) }[0m
[0m[[0m[31merror[0m] [0m[0m[31m[31m    |[0m                                                    ^^^^^^^[0m[0m
[0m[[0m[31merror[0m] [0m[0m[31m    |[0m                                                    Not found: BBinExp[0m
[0m[[0m[31merror[0m] [0m[0m[31m    |[0m[0m
[0m[[0m[31merror[0m] [0m[0m[31m    |[0m longer explanation available when compiling with `-explain`[0m
[0m[[0m[31merror[0m] [0m[0m[31m[31m-- [E006] Not Found Error: /Users/akravc/Desktop/persimmon/src/parser.scala:192:64 [0m[0m[0m
[0m[[0m[31merror[0m] [0m[0m[31m192 |[0m    pComparison ~ ([31m"<"[0m ~> pTerm) ^^ { [33mcase[0m e1~e2 => BBinExp(e1, BLt, e2) }[0m
[0m[[0m[31merror[0m] [0m[0m[31m[31m    |[0m                                                                ^^^[0m[0m
[0m[[0m[31merror[0m] [0m[0m[31m    |[0m                                                        Not found: BLt[0m
[0m[[0m[31merror[0m] [0m[0m[31m    |[0m[0m
[0m[[0m[31merror[0m] [0m[0m[31m    |[0m longer explanation available when compiling with `-explain`[0m
[0m[[0m[31merror[0m] [0m[0m[31m[31m-- [E006] Not Found Error: /Users/akravc/Desktop/persimmon/src/parser.scala:193:54 [0m[0m[0m
[0m[[0m[31merror[0m] [0m[0m[31m193 |[0m    | pComparison ~ ([31m">"[0m ~> pTerm) ^^ { [33mcase[0m e1~e2 => BBinExp(e1, BGt, e2) }[0m
[0m[[0m[31merror[0m] [0m[0m[31m[31m    |[0m                                                      ^^^^^^^[0m[0m
[0m[[0m[31merror[0m] [0m[0m[31m    |[0m                                                    Not found: BBinExp[0m
[0m[[0m[31merror[0m] [0m[0m[31m    |[0m[0m
[0m[[0m[31merror[0m] [0m[0m[31m    |[0m longer explanation available when compiling with `-explain`[0m
[0m[[0m[31merror[0m] [0m[0m[31m[31m-- [E006] Not Found Error: /Users/akravc/Desktop/persimmon/src/parser.scala:193:66 [0m[0m[0m
[0m[[0m[31merror[0m] [0m[0m[31m193 |[0m    | pComparison ~ ([31m">"[0m ~> pTerm) ^^ { [33mcase[0m e1~e2 => BBinExp(e1, BGt, e2) }[0m
[0m[[0m[31merror[0m] [0m[0m[31m[31m    |[0m                                                                  ^^^[0m[0m
[0m[[0m[31merror[0m] [0m[0m[31m    |[0m                                                        Not found: BGt[0m
[0m[[0m[31merror[0m] [0m[0m[31m    |[0m[0m
[0m[[0m[31merror[0m] [0m[0m[31m    |[0m longer explanation available when compiling with `-explain`[0m
[0m[[0m[31merror[0m] [0m[0m[31m[31m-- [E006] Not Found Error: /Users/akravc/Desktop/persimmon/src/parser.scala:194:55 [0m[0m[0m
[0m[[0m[31merror[0m] [0m[0m[31m194 |[0m    | pComparison ~ ([31m"<="[0m ~> pTerm) ^^ { [33mcase[0m e1~e2 => BBinExp(e1, BLeq, e2) }[0m
[0m[[0m[31merror[0m] [0m[0m[31m[31m    |[0m                                                       ^^^^^^^[0m[0m
[0m[[0m[31merror[0m] [0m[0m[31m    |[0m                                                    Not found: BBinExp[0m
[0m[[0m[31merror[0m] [0m[0m[31m    |[0m[0m
[0m[[0m[31merror[0m] [0m[0m[31m    |[0m longer explanation available when compiling with `-explain`[0m
[0m[[0m[31merror[0m] [0m[0m[31m[31m-- [E006] Not Found Error: /Users/akravc/Desktop/persimmon/src/parser.scala:194:67 [0m[0m[0m
[0m[[0m[31merror[0m] [0m[0m[31m194 |[0m    | pComparison ~ ([31m"<="[0m ~> pTerm) ^^ { [33mcase[0m e1~e2 => BBinExp(e1, BLeq, e2) }[0m
[0m[[0m[31merror[0m] [0m[0m[31m[31m    |[0m                                                                   ^^^^[0m[0m
[0m[[0m[31merror[0m] [0m[0m[31m    |[0m                                                       Not found: BLeq[0m
[0m[[0m[31merror[0m] [0m[0m[31m    |[0m[0m
[0m[[0m[31merror[0m] [0m[0m[31m    |[0m longer explanation available when compiling with `-explain`[0m
[0m[[0m[31merror[0m] [0m[0m[31m[31m-- [E006] Not Found Error: /Users/akravc/Desktop/persimmon/src/parser.scala:195:55 [0m[0m[0m
[0m[[0m[31merror[0m] [0m[0m[31m195 |[0m    | pComparison ~ ([31m">="[0m ~> pTerm) ^^ { [33mcase[0m e1~e2 => BBinExp(e1, BGeq, e2) }[0m
[0m[[0m[31merror[0m] [0m[0m[31m[31m    |[0m                                                       ^^^^^^^[0m[0m
[0m[[0m[31merror[0m] [0m[0m[31m    |[0m                                                    Not found: BBinExp[0m
[0m[[0m[31merror[0m] [0m[0m[31m    |[0m[0m
[0m[[0m[31merror[0m] [0m[0m[31m    |[0m longer explanation available when compiling with `-explain`[0m
[0m[[0m[31merror[0m] [0m[0m[31m[31m-- [E006] Not Found Error: /Users/akravc/Desktop/persimmon/src/parser.scala:195:67 [0m[0m[0m
[0m[[0m[31merror[0m] [0m[0m[31m195 |[0m    | pComparison ~ ([31m">="[0m ~> pTerm) ^^ { [33mcase[0m e1~e2 => BBinExp(e1, BGeq, e2) }[0m
[0m[[0m[31merror[0m] [0m[0m[31m[31m    |[0m                                                                   ^^^^[0m[0m
[0m[[0m[31merror[0m] [0m[0m[31m    |[0m                                                       Not found: BGeq[0m
[0m[[0m[31merror[0m] [0m[0m[31m    |[0m[0m
[0m[[0m[31merror[0m] [0m[0m[31m    |[0m longer explanation available when compiling with `-explain`[0m
[0m[[0m[31merror[0m] [0m[0m[31m[31m-- [E006] Not Found Error: /Users/akravc/Desktop/persimmon/src/parser.scala:198:48 [0m[0m[0m
[0m[[0m[31merror[0m] [0m[0m[31m198 |[0m    pTerm ~ ([31m"+"[0m ~> pFactor) ^^ { [33mcase[0m a1~a2 => ABinExp(a1, AAdd, a2) }[0m
[0m[[0m[31merror[0m] [0m[0m[31m[31m    |[0m                                                ^^^^^^^[0m[0m
[0m[[0m[31merror[0m] [0m[0m[31m    |[0m                                                Not found: ABinExp[0m
[0m[[0m[31merror[0m] [0m[0m[31m    |[0m[0m
[0m[[0m[31merror[0m] [0m[0m[31m    |[0m longer explanation available when compiling with `-explain`[0m
[0m[[0m[31merror[0m] [0m[0m[31m[31m-- [E006] Not Found Error: /Users/akravc/Desktop/persimmon/src/parser.scala:198:60 [0m[0m[0m
[0m[[0m[31merror[0m] [0m[0m[31m198 |[0m    pTerm ~ ([31m"+"[0m ~> pFactor) ^^ { [33mcase[0m a1~a2 => ABinExp(a1, AAdd, a2) }[0m
[0m[[0m[31merror[0m] [0m[0m[31m[31m    |[0m                                                            ^^^^[0m[0m
[0m[[0m[31merror[0m] [0m[0m[31m    |[0m                                                       Not found: AAdd[0m
[0m[[0m[31merror[0m] [0m[0m[31m    |[0m[0m
[0m[[0m[31merror[0m] [0m[0m[31m    |[0m longer explanation available when compiling with `-explain`[0m
[0m[[0m[31merror[0m] [0m[0m[31m[31m-- [E006] Not Found Error: /Users/akravc/Desktop/persimmon/src/parser.scala:199:50 [0m[0m[0m
[0m[[0m[31merror[0m] [0m[0m[31m199 |[0m    | pTerm ~ ([31m"-"[0m ~> pFactor) ^^ { [33mcase[0m a1~a2 => ABinExp(a1, ASub, a2) }[0m
[0m[[0m[31merror[0m] [0m[0m[31m[31m    |[0m                                                  ^^^^^^^[0m[0m
[0m[[0m[31merror[0m] [0m[0m[31m    |[0m                                                  Not found: ABinExp[0m
[0m[[0m[31merror[0m] [0m[0m[31m    |[0m[0m
[0m[[0m[31merror[0m] [0m[0m[31m    |[0m longer explanation available when compiling with `-explain`[0m
[0m[[0m[31merror[0m] [0m[0m[31m[31m-- [E006] Not Found Error: /Users/akravc/Desktop/persimmon/src/parser.scala:199:62 [0m[0m[0m
[0m[[0m[31merror[0m] [0m[0m[31m199 |[0m    | pTerm ~ ([31m"-"[0m ~> pFactor) ^^ { [33mcase[0m a1~a2 => ABinExp(a1, ASub, a2) }[0m
[0m[[0m[31merror[0m] [0m[0m[31m[31m    |[0m                                                              ^^^^[0m[0m
[0m[[0m[31merror[0m] [0m[0m[31m    |[0m                                                       Not found: ASub[0m
[0m[[0m[31merror[0m] [0m[0m[31m    |[0m[0m
[0m[[0m[31merror[0m] [0m[0m[31m    |[0m longer explanation available when compiling with `-explain`[0m
[0m[[0m[31merror[0m] [0m[0m[31m[31m-- [E006] Not Found Error: /Users/akravc/Desktop/persimmon/src/parser.scala:202:51 [0m[0m[0m
[0m[[0m[31merror[0m] [0m[0m[31m202 |[0m    pFactor ~ ([31m"*"[0m ~> pPrimary) ^^ { [33mcase[0m a1~a2 => ABinExp(a1, AMul, a2) }[0m
[0m[[0m[31merror[0m] [0m[0m[31m[31m    |[0m                                                   ^^^^^^^[0m[0m
[0m[[0m[31merror[0m] [0m[0m[31m    |[0m                                                   Not found: ABinExp[0m
[0m[[0m[31merror[0m] [0m[0m[31m    |[0m[0m
[0m[[0m[31merror[0m] [0m[0m[31m    |[0m longer explanation available when compiling with `-explain`[0m
[0m[[0m[31merror[0m] [0m[0m[31m[31m-- [E006] Not Found Error: /Users/akravc/Desktop/persimmon/src/parser.scala:202:63 [0m[0m[0m
[0m[[0m[31merror[0m] [0m[0m[31m202 |[0m    pFactor ~ ([31m"*"[0m ~> pPrimary) ^^ { [33mcase[0m a1~a2 => ABinExp(a1, AMul, a2) }[0m
[0m[[0m[31merror[0m] [0m[0m[31m[31m    |[0m                                                               ^^^^[0m[0m
[0m[[0m[31merror[0m] [0m[0m[31m    |[0m                                                       Not found: AMul[0m
[0m[[0m[31merror[0m] [0m[0m[31m    |[0m[0m
[0m[[0m[31merror[0m] [0m[0m[31m    |[0m longer explanation available when compiling with `-explain`[0m
[0m[[0m[31merror[0m] [0m[0m[31m[31m-- [E006] Not Found Error: /Users/akravc/Desktop/persimmon/src/parser.scala:203:53 [0m[0m[0m
[0m[[0m[31merror[0m] [0m[0m[31m203 |[0m    | pFactor ~ ([31m"/"[0m ~> pPrimary) ^^ { [33mcase[0m a1~a2 => ABinExp(a1, ADiv, a2) }[0m
[0m[[0m[31merror[0m] [0m[0m[31m[31m    |[0m                                                     ^^^^^^^[0m[0m
[0m[[0m[31merror[0m] [0m[0m[31m    |[0m                                                    Not found: ABinExp[0m
[0m[[0m[31merror[0m] [0m[0m[31m    |[0m[0m
[0m[[0m[31merror[0m] [0m[0m[31m    |[0m longer explanation available when compiling with `-explain`[0m
[0m[[0m[31merror[0m] [0m[0m[31m[31m-- [E006] Not Found Error: /Users/akravc/Desktop/persimmon/src/parser.scala:203:65 [0m[0m[0m
[0m[[0m[31merror[0m] [0m[0m[31m203 |[0m    | pFactor ~ ([31m"/"[0m ~> pPrimary) ^^ { [33mcase[0m a1~a2 => ABinExp(a1, ADiv, a2) }[0m
[0m[[0m[31merror[0m] [0m[0m[31m[31m    |[0m                                                                 ^^^^[0m[0m
[0m[[0m[31merror[0m] [0m[0m[31m    |[0m                                                       Not found: ADiv[0m
[0m[[0m[31merror[0m] [0m[0m[31m    |[0m[0m
[0m[[0m[31merror[0m] [0m[0m[31m    |[0m longer explanation available when compiling with `-explain`[0m
[0m[[0m[31merror[0m] [0m[0m[31m[31m-- [E006] Not Found Error: /Users/akravc/Desktop/persimmon/src/parser.scala:206:21 [0m[0m[0m
[0m[[0m[31merror[0m] [0m[0m[31m206 |[0m    [31m"!"[0m ~> pUnary ^^ BNot.apply[0m
[0m[[0m[31merror[0m] [0m[0m[31m[31m    |[0m                     ^^^^[0m[0m
[0m[[0m[31merror[0m] [0m[0m[31m    |[0m                     Not found: BNot[0m
[0m[[0m[31merror[0m] [0m[0m[31m    |[0m[0m
[0m[[0m[31merror[0m] [0m[0m[31m    |[0m longer explanation available when compiling with `-explain`[0m
[0m[[0m[31merror[0m] [0m[0m[31m[31m-- [E006] Not Found Error: /Users/akravc/Desktop/persimmon/src/parser.scala:211:33 [0m[0m[0m
[0m[[0m[31merror[0m] [0m[0m[31m211 |[0m    | pExpIfThenElse | pExpLam | pExpString | pExpBool | pExpNat[0m
[0m[[0m[31merror[0m] [0m[0m[31m[31m    |[0m                                 ^^^^^^^^^^[0m[0m
[0m[[0m[31merror[0m] [0m[0m[31m    |[0m                                 Not found: pExpString[0m
[0m[[0m[31merror[0m] [0m[0m[31m    |[0m[0m
[0m[[0m[31merror[0m] [0m[0m[31m    |[0m longer explanation available when compiling with `-explain`[0m
[0m[[0m[31merror[0m] [0m[0m[31m[31m-- [E107] Syntax Error: /Users/akravc/Desktop/persimmon/src/parser.scala:250:16 [0m[0m[0m
[0m[[0m[31merror[0m] [0m[0m[31m250 |[0m      [33mcase[0m Match(e, g) => Match(f(e), f(g))[0m
[0m[[0m[31merror[0m] [0m[0m[31m[31m    |[0m           ^^^^^^^^^^^[0m[0m
[0m[[0m[31merror[0m] [0m[0m[31m    |[0mWrong number of argument patterns for PersimmonSyntax.Match; expected: (PersimmonSyntax.Expression, PersimmonSyntax.FamCases, PersimmonSyntax.Rec)[0m
[0m[[0m[31merror[0m] [0m[0m[31m    |[0m[0m
[0m[[0m[31merror[0m] [0m[0m[31m    |[0m longer explanation available when compiling with `-explain`[0m
[0m[[0m[31merror[0m] [0m[0m[31m[31m-- [E007] Type Mismatch Error: /Users/akravc/Desktop/persimmon/src/parser.scala:250:39 [0m[0m[0m
[0m[[0m[31merror[0m] [0m[0m[31m250 |[0m      [33mcase[0m Match(e, g) => Match(f(e), f(g))[0m
[0m[[0m[31merror[0m] [0m[0m[31m[31m    |[0m                                      ^^^^[0m[0m
[0m[[0m[31merror[0m] [0m[0m[31m    |[0m                                  Found:    PersimmonSyntax.[1m[31mExpression[0m[0m
[0m[[0m[31merror[0m] [0m[0m[31m    |[0m                                  Required: PersimmonSyntax.[1m[32mFamCases[0m[0m
[0m[[0m[31merror[0m] [0m[0m[31m    |[0m[0m
[0m[[0m[31merror[0m] [0m[0m[31m    |[0m longer explanation available when compiling with `-explain`[0m
[0m[[0m[31merror[0m] [0m[0m[31m[31m-- [E006] Not Found Error: /Users/akravc/Desktop/persimmon/src/parser.scala:252:11 [0m[0m[0m
[0m[[0m[31merror[0m] [0m[0m[31m252 |[0m      [33mcase[0m ABinExp(a1, op, a2) => ABinExp(f(a1), op, f(a2))[0m
[0m[[0m[31merror[0m] [0m[0m[31m[31m    |[0m           ^^^^^^^[0m[0m
[0m[[0m[31merror[0m] [0m[0m[31m    |[0m           Not found: ABinExp[0m
[0m[[0m[31merror[0m] [0m[0m[31m    |[0m[0m
[0m[[0m[31merror[0m] [0m[0m[31m    |[0m longer explanation available when compiling with `-explain`[0m
[0m[[0m[31merror[0m] [0m[0m[31m[31m-- [E006] Not Found Error: /Users/akravc/Desktop/persimmon/src/parser.scala:252:34 [0m[0m[0m
[0m[[0m[31merror[0m] [0m[0m[31m252 |[0m      [33mcase[0m ABinExp(a1, op, a2) => ABinExp(f(a1), op, f(a2))[0m
[0m[[0m[31merror[0m] [0m[0m[31m[31m    |[0m                                  ^^^^^^^[0m[0m
[0m[[0m[31merror[0m] [0m[0m[31m    |[0m                                  Not found: ABinExp[0m
[0m[[0m[31merror[0m] [0m[0m[31m    |[0m[0m
[0m[[0m[31merror[0m] [0m[0m[31m    |[0m longer explanation available when compiling with `-explain`[0m
[0m[[0m[31merror[0m] [0m[0m[31m[31m-- [E007] Type Mismatch Error: /Users/akravc/Desktop/persimmon/src/parser.scala:252:44 [0m[0m[0m
[0m[[0m[31merror[0m] [0m[0m[31m252 |[0m      [33mcase[0m ABinExp(a1, op, a2) => ABinExp(f(a1), op, f(a2))[0m
[0m[[0m[31merror[0m] [0m[0m[31m[31m    |[0m                                            ^^[0m[0m
[0m[[0m[31merror[0m] [0m[0m[31m    |[0m                                  Found:    (a1 : Any)[0m
[0m[[0m[31merror[0m] [0m[0m[31m    |[0m                                  Required: PersimmonSyntax.Expression[0m
[0m[[0m[31merror[0m] [0m[0m[31m    |[0m[0m
[0m[[0m[31merror[0m] [0m[0m[31m    |[0m longer explanation available when compiling with `-explain`[0m
[0m[[0m[31merror[0m] [0m[0m[31m[31m-- [E007] Type Mismatch Error: /Users/akravc/Desktop/persimmon/src/parser.scala:252:55 [0m[0m[0m
[0m[[0m[31merror[0m] [0m[0m[31m252 |[0m      [33mcase[0m ABinExp(a1, op, a2) => ABinExp(f(a1), op, f(a2))[0m
[0m[[0m[31merror[0m] [0m[0m[31m[31m    |[0m                                                       ^^[0m[0m
[0m[[0m[31merror[0m] [0m[0m[31m    |[0m                                  Found:    (a2 : Any)[0m
[0m[[0m[31merror[0m] [0m[0m[31m    |[0m                                  Required: PersimmonSyntax.Expression[0m
[0m[[0m[31merror[0m] [0m[0m[31m    |[0m[0m
[0m[[0m[31merror[0m] [0m[0m[31m    |[0m longer explanation available when compiling with `-explain`[0m
[0m[[0m[31merror[0m] [0m[0m[31m[31m-- [E006] Not Found Error: /Users/akravc/Desktop/persimmon/src/parser.scala:253:11 [0m[0m[0m
[0m[[0m[31merror[0m] [0m[0m[31m253 |[0m      [33mcase[0m BBinExp(e1, op, e2) => BBinExp(f(e1), op, f(e2))[0m
[0m[[0m[31merror[0m] [0m[0m[31m[31m    |[0m           ^^^^^^^[0m[0m
[0m[[0m[31merror[0m] [0m[0m[31m    |[0m           Not found: BBinExp[0m
[0m[[0m[31merror[0m] [0m[0m[31m    |[0m[0m
[0m[[0m[31merror[0m] [0m[0m[31m    |[0m longer explanation available when compiling with `-explain`[0m
[0m[[0m[31merror[0m] [0m[0m[31m[31m-- [E006] Not Found Error: /Users/akravc/Desktop/persimmon/src/parser.scala:253:34 [0m[0m[0m
[0m[[0m[31merror[0m] [0m[0m[31m253 |[0m      [33mcase[0m BBinExp(e1, op, e2) => BBinExp(f(e1), op, f(e2))[0m
[0m[[0m[31merror[0m] [0m[0m[31m[31m    |[0m                                  ^^^^^^^[0m[0m
[0m[[0m[31merror[0m] [0m[0m[31m    |[0m                                  Not found: BBinExp[0m
[0m[[0m[31merror[0m] [0m[0m[31m    |[0m[0m
[0m[[0m[31merror[0m] [0m[0m[31m    |[0m longer explanation available when compiling with `-explain`[0m
[0m[[0m[31merror[0m] [0m[0m[31m[31m-- [E007] Type Mismatch Error: /Users/akravc/Desktop/persimmon/src/parser.scala:253:44 [0m[0m[0m
[0m[[0m[31merror[0m] [0m[0m[31m253 |[0m      [33mcase[0m BBinExp(e1, op, e2) => BBinExp(f(e1), op, f(e2))[0m
[0m[[0m[31merror[0m] [0m[0m[31m[31m    |[0m                                            ^^[0m[0m
[0m[[0m[31merror[0m] [0m[0m[31m    |[0m                                  Found:    (e1 : Any)[0m
[0m[[0m[31merror[0m] [0m[0m[31m    |[0m                                  Required: PersimmonSyntax.Expression[0m
[0m[[0m[31merror[0m] [0m[0m[31m    |[0m[0m
[0m[[0m[31merror[0m] [0m[0m[31m    |[0m longer explanation available when compiling with `-explain`[0m
[0m[[0m[31merror[0m] [0m[0m[31m[31m-- [E007] Type Mismatch Error: /Users/akravc/Desktop/persimmon/src/parser.scala:253:55 [0m[0m[0m
[0m[[0m[31merror[0m] [0m[0m[31m253 |[0m      [33mcase[0m BBinExp(e1, op, e2) => BBinExp(f(e1), op, f(e2))[0m
[0m[[0m[31merror[0m] [0m[0m[31m[31m    |[0m                                                       ^^[0m[0m
[0m[[0m[31merror[0m] [0m[0m[31m    |[0m                                  Found:    (e2 : Any)[0m
[0m[[0m[31merror[0m] [0m[0m[31m    |[0m                                  Required: PersimmonSyntax.Expression[0m
[0m[[0m[31merror[0m] [0m[0m[31m    |[0m[0m
[0m[[0m[31merror[0m] [0m[0m[31m    |[0m longer explanation available when compiling with `-explain`[0m
[0m[[0m[31merror[0m] [0m[0m[31m[31m-- [E006] Not Found Error: /Users/akravc/Desktop/persimmon/src/parser.scala:254:11 [0m[0m[0m
[0m[[0m[31merror[0m] [0m[0m[31m254 |[0m      [33mcase[0m BNot(e) => BNot(f(e))[0m
[0m[[0m[31merror[0m] [0m[0m[31m[31m    |[0m           ^^^^[0m[0m
[0m[[0m[31merror[0m] [0m[0m[31m    |[0m           Not found: BNot[0m
[0m[[0m[31merror[0m] [0m[0m[31m    |[0m[0m
[0m[[0m[31merror[0m] [0m[0m[31m    |[0m longer explanation available when compiling with `-explain`[0m
[0m[[0m[31merror[0m] [0m[0m[31m[31m-- [E006] Not Found Error: /Users/akravc/Desktop/persimmon/src/parser.scala:254:22 [0m[0m[0m
[0m[[0m[31merror[0m] [0m[0m[31m254 |[0m      [33mcase[0m BNot(e) => BNot(f(e))[0m
[0m[[0m[31merror[0m] [0m[0m[31m[31m    |[0m                      ^^^^[0m[0m
[0m[[0m[31merror[0m] [0m[0m[31m    |[0m                      Not found: BNot[0m
[0m[[0m[31merror[0m] [0m[0m[31m    |[0m[0m
[0m[[0m[31merror[0m] [0m[0m[31m    |[0m longer explanation available when compiling with `-explain`[0m
[0m[[0m[31merror[0m] [0m[0m[31m[31m-- [E007] Type Mismatch Error: /Users/akravc/Desktop/persimmon/src/parser.scala:254:29 [0m[0m[0m
[0m[[0m[31merror[0m] [0m[0m[31m254 |[0m      [33mcase[0m BNot(e) => BNot(f(e))[0m
[0m[[0m[31merror[0m] [0m[0m[31m[31m    |[0m                             ^[0m[0m
[0m[[0m[31merror[0m] [0m[0m[31m    |[0m                             Found:    (e : Any)[0m
[0m[[0m[31merror[0m] [0m[0m[31m    |[0m                             Required: PersimmonSyntax.Expression[0m
[0m[[0m[31merror[0m] [0m[0m[31m    |[0m[0m
[0m[[0m[31merror[0m] [0m[0m[31m    |[0m longer explanation available when compiling with `-explain`[0m
[0m[[0m[31merror[0m] [0m[0m[31m[31m-- [E007] Type Mismatch Error: /Users/akravc/Desktop/persimmon/src/parser.scala:277:15 [0m[0m[0m
[0m[[0m[31merror[0m] [0m[0m[31m277 |[0m            App(FamCases(None, name_cases), Rec(params.map{([36mk[0m,_) => (k -> Var([31m"_"[0m+k))}.toMap))))[0m
[0m[[0m[31merror[0m] [0m[0m[31m[31m    |[0m            ^^^^^^^^^^^^^^^^^^^^^^^^^^^^^^^^^^^^^^^^^^^^^^^^^^^^^^^^^^^^^^^^^^^^^^^^^^^^^^^^^^[0m[0m
[0m[[0m[31merror[0m] [0m[0m[31m    |[0m            Found:    PersimmonSyntax.[1m[31mApp[0m[0m
[0m[[0m[31merror[0m] [0m[0m[31m    |[0m            Required: PersimmonSyntax.[1m[32mFamCases[0m[0m
[0m[[0m[31merror[0m] [0m[0m[31m    |[0m[0m
[0m[[0m[31merror[0m] [0m[0m[31m    |[0m longer explanation available when compiling with `-explain`[0m
[0m[[0m[31merror[0m] [0m[0m43 errors found[0m
[0m[[0m[31merror[0m] [0m[0m(Compile / [31mcompileIncremental[0m) Compilation failed[0m
[0m[[0m[31merror[0m] [0m[0mTotal time: 5 s, completed Feb 23, 2023, 2:05:21 PM[0m
[0m[[0m[0mdebug[0m] [0m[0m> Exec(shell, None, None)[0m
